<?xml version="1.0" encoding="UTF-8"?>
<!-- Generated by org.testng.reporters.JUnitReportReporter -->
<testsuite skipped="0" hostname="DESKTOP-IKRVH90" name="comGrid.MyGrid" tests="1" failures="0" timestamp="2022-05-26T21:58:13 IST" time="14.512" errors="0">
  <testcase name="g" time="14.512" classname="comGrid.MyGrid"/>
  <system-out/>
</testsuite> <!-- comGrid.MyGrid -->
