<?xml version="1.0" encoding="UTF-8"?>
<!-- Generated by org.testng.reporters.JUnitReportReporter -->
<testsuite skipped="0" hostname="DESKTOP-IKRVH90" name="com.sample.RTE" tests="1" failures="0" timestamp="2022-05-22T20:12:05 IST" time="14.011" errors="0">
  <testcase name="jh" time="14.011" classname="com.sample.RTE"/>
  <system-out/>
</testsuite> <!-- com.sample.RTE -->
