<?xml version="1.0" encoding="UTF-8"?>
<!-- Generated by org.testng.reporters.JUnitReportReporter -->
<testsuite skipped="0" hostname="DESKTOP-IKRVH90" name="com.sample.MyTest" tests="2" failures="0" timestamp="2022-05-23T22:54:55 IST" time="72.736" errors="0">
  <testcase name="Adddetails" time="55.431" classname="com.sample.MyTest"/>
  <system-out/>
  <testcase name="VerifyTitle" time="17.305" classname="com.sample.MyTest"/>
  <system-out/>
</testsuite> <!-- com.sample.MyTest -->
