<?xml version="1.0" encoding="UTF-8"?>
<!-- Generated by org.testng.reporters.JUnitReportReporter -->
<testsuite skipped="0" hostname="DESKTOP-IKRVH90" name="testcases.Tests" tests="2" failures="0" timestamp="2022-05-25T20:10:46 IST" time="30.378" errors="0">
  <testcase name="verifythePageTitleASDFGHJ" time="12.013" classname="testcases.Tests"/>
  <system-out/>
  <testcase name="verifythePageTitle" time="18.365" classname="testcases.Tests"/>
  <system-out/>
</testsuite> <!-- testcases.Tests -->
