<?xml version="1.0" encoding="UTF-8"?>
<!-- Generated by org.testng.reporters.JUnitReportReporter -->
<testsuite skipped="0" hostname="DESKTOP-IKRVH90" name="com.sample.SecondTestNG" tests="1" failures="0" timestamp="2022-05-15T23:29:03 IST" time="0.002" errors="0">
  <testcase name="fileuploadfunctionalityTest" time="0.002" classname="com.sample.SecondTestNG"/>
  <system-out/>
</testsuite> <!-- com.sample.SecondTestNG -->
