<?xml version="1.0" encoding="UTF-8"?>
<!-- Generated by org.testng.reporters.JUnitReportReporter -->
<testsuite skipped="0" hostname="DESKTOP-IKRVH90" name="com.sample.FirstTestNG" tests="3" failures="0" timestamp="2022-05-16T22:33:17 IST" time="55.163" errors="0">
  <testcase name="myTest1" time="21.364" classname="com.sample.FirstTestNG"/>
  <system-out/>
  <testcase name="myTest" time="17.189" classname="com.sample.FirstTestNG"/>
  <system-out/>
  <testcase name="myTest66" time="16.610" classname="com.sample.FirstTestNG"/>
  <system-out/>
</testsuite> <!-- com.sample.FirstTestNG -->
